10:46:01.523 [TestNG-tests-1] DEBUG io.netty.util.internal.PlatformDependent0 - java.nio.Bits.unaligned: available, true
10:46:01.528 [TestNG-tests-1] DEBUG io.netty.util.internal.PlatformDependent0 - jdk.internal.misc.Unsafe.allocateUninitializedArray(int): unavailable
java.lang.IllegalAccessException: class io.netty.util.internal.PlatformDependent0$7 cannot access class jdk.internal.misc.Unsafe (in module java.base) because module java.base does not export jdk.internal.misc to unnamed module @7b1d7fff
	at jdk.internal.reflect.Reflection.newIllegalAccessException(Reflection.java:392) ~[?:?]
	at java.lang.reflect.AccessibleObject.checkAccess(AccessibleObject.java:674) ~[?:?]
	at java.lang.reflect.Method.invoke(Method.java:560) ~[?:?]
	at io.netty.util.internal.PlatformDependent0$7.run(PlatformDependent0.java:410) ~[netty-common-4.1.90.Final.jar:4.1.90.Final]
	at java.security.AccessController.doPrivileged(AccessController.java:318) ~[?:?]
	at io.netty.util.internal.PlatformDependent0.<clinit>(PlatformDependent0.java:401) ~[netty-common-4.1.90.Final.jar:4.1.90.Final]
	at io.netty.util.internal.PlatformDependent.isAndroid(PlatformDependent.java:333) ~[netty-common-4.1.90.Final.jar:4.1.90.Final]
	at io.netty.util.internal.PlatformDependent.<clinit>(PlatformDependent.java:88) ~[netty-common-4.1.90.Final.jar:4.1.90.Final]
	at io.netty.util.HashedWheelTimer.<init>(HashedWheelTimer.java:114) ~[netty-common-4.1.90.Final.jar:4.1.90.Final]
	at io.netty.util.HashedWheelTimer.<init>(HashedWheelTimer.java:251) ~[netty-common-4.1.90.Final.jar:4.1.90.Final]
	at io.netty.util.HashedWheelTimer.<init>(HashedWheelTimer.java:224) ~[netty-common-4.1.90.Final.jar:4.1.90.Final]
	at io.netty.util.HashedWheelTimer.<init>(HashedWheelTimer.java:203) ~[netty-common-4.1.90.Final.jar:4.1.90.Final]
	at org.asynchttpclient.DefaultAsyncHttpClient.newNettyTimer(DefaultAsyncHttpClient.java:111) ~[async-http-client-2.12.3.jar:?]
	at org.asynchttpclient.DefaultAsyncHttpClient.<init>(DefaultAsyncHttpClient.java:90) ~[async-http-client-2.12.3.jar:?]
	at org.asynchttpclient.Dsl.asyncHttpClient(Dsl.java:32) ~[async-http-client-2.12.3.jar:?]
	at org.openqa.selenium.remote.http.netty.NettyClient.createHttpClient(NettyClient.java:94) ~[selenium-remote-driver-4.8.2.jar:?]
	at org.openqa.selenium.remote.http.netty.NettyClient.<clinit>(NettyClient.java:47) ~[selenium-remote-driver-4.8.2.jar:?]
	at org.openqa.selenium.remote.http.netty.NettyClient$Factory.createClient(NettyClient.java:135) ~[selenium-remote-driver-4.8.2.jar:?]
	at org.openqa.selenium.remote.tracing.TracedHttpClient$Factory.createClient(TracedHttpClient.java:77) ~[selenium-remote-driver-4.8.2.jar:?]
	at org.openqa.selenium.remote.HttpCommandExecutor.<init>(HttpCommandExecutor.java:116) ~[selenium-remote-driver-4.8.2.jar:?]
	at org.openqa.selenium.remote.RemoteWebDriver.createExecutor(RemoteWebDriver.java:184) ~[selenium-remote-driver-4.8.2.jar:?]
	at org.openqa.selenium.remote.RemoteWebDriver.<init>(RemoteWebDriver.java:139) ~[selenium-remote-driver-4.8.2.jar:?]
	at com.orangehrm.pageobject.BaseClass.setUp(BaseClass.java:102) ~[test-classes/:?]
	at jdk.internal.reflect.NativeMethodAccessorImpl.invoke0(Native Method) ~[?:?]
	at jdk.internal.reflect.NativeMethodAccessorImpl.invoke(NativeMethodAccessorImpl.java:77) ~[?:?]
	at jdk.internal.reflect.DelegatingMethodAccessorImpl.invoke(DelegatingMethodAccessorImpl.java:43) ~[?:?]
	at java.lang.reflect.Method.invoke(Method.java:568) ~[?:?]
	at org.testng.internal.invokers.MethodInvocationHelper.invokeMethod(MethodInvocationHelper.java:139) ~[testng-7.7.1.jar:7.7.1]
	at org.testng.internal.invokers.MethodInvocationHelper.invokeMethodConsideringTimeout(MethodInvocationHelper.java:69) ~[testng-7.7.1.jar:7.7.1]
	at org.testng.internal.invokers.ConfigInvoker.invokeConfigurationMethod(ConfigInvoker.java:361) ~[testng-7.7.1.jar:7.7.1]
	at org.testng.internal.invokers.ConfigInvoker.invokeConfigurations(ConfigInvoker.java:296) ~[testng-7.7.1.jar:7.7.1]
	at org.testng.internal.invokers.TestInvoker.runConfigMethods(TestInvoker.java:823) ~[testng-7.7.1.jar:7.7.1]
	at org.testng.internal.invokers.TestInvoker.invokeMethod(TestInvoker.java:590) ~[testng-7.7.1.jar:7.7.1]
	at org.testng.internal.invokers.TestInvoker.invokeTestMethod(TestInvoker.java:221) ~[testng-7.7.1.jar:7.7.1]
	at org.testng.internal.invokers.MethodRunner.runInSequence(MethodRunner.java:50) ~[testng-7.7.1.jar:7.7.1]
	at org.testng.internal.invokers.TestInvoker$MethodInvocationAgent.invoke(TestInvoker.java:969) ~[testng-7.7.1.jar:7.7.1]
	at org.testng.internal.invokers.TestInvoker.invokeTestMethods(TestInvoker.java:194) ~[testng-7.7.1.jar:7.7.1]
	at org.testng.internal.invokers.TestMethodWorker.invokeTestMethods(TestMethodWorker.java:148) ~[testng-7.7.1.jar:7.7.1]
	at org.testng.internal.invokers.TestMethodWorker.run(TestMethodWorker.java:128) ~[testng-7.7.1.jar:7.7.1]
	at java.util.ArrayList.forEach(ArrayList.java:1511) ~[?:?]
	at org.testng.TestRunner.privateRun(TestRunner.java:829) ~[testng-7.7.1.jar:7.7.1]
	at org.testng.TestRunner.run(TestRunner.java:602) ~[testng-7.7.1.jar:7.7.1]
	at org.testng.SuiteRunner.runTest(SuiteRunner.java:437) ~[testng-7.7.1.jar:7.7.1]
	at org.testng.SuiteRunner$SuiteWorker.run(SuiteRunner.java:475) ~[testng-7.7.1.jar:7.7.1]
	at org.testng.internal.thread.ThreadUtil.lambda$execute$0(ThreadUtil.java:58) ~[testng-7.7.1.jar:7.7.1]
	at java.util.concurrent.FutureTask.run(FutureTask.java:264) [?:?]
	at java.util.concurrent.ThreadPoolExecutor.runWorker(ThreadPoolExecutor.java:1136) [?:?]
	at java.util.concurrent.ThreadPoolExecutor$Worker.run(ThreadPoolExecutor.java:635) [?:?]
	at java.lang.Thread.run(Thread.java:833) [?:?]
