14:32:51.384 [main] DEBUG io.netty.util.internal.PlatformDependent0 - java.nio.Bits.unaligned: available, true
14:32:51.389 [main] DEBUG io.netty.util.internal.PlatformDependent0 - jdk.internal.misc.Unsafe.allocateUninitializedArray(int): unavailable
java.lang.IllegalAccessException: class io.netty.util.internal.PlatformDependent0$7 cannot access class jdk.internal.misc.Unsafe (in module java.base) because module java.base does not export jdk.internal.misc to unnamed module @5cee5251
	at jdk.internal.reflect.Reflection.newIllegalAccessException(Reflection.java:392) ~[?:?]
	at java.lang.reflect.AccessibleObject.checkAccess(AccessibleObject.java:674) ~[?:?]
	at java.lang.reflect.Method.invoke(Method.java:560) ~[?:?]
	at io.netty.util.internal.PlatformDependent0$7.run(PlatformDependent0.java:410) ~[netty-common-4.1.90.Final.jar:4.1.90.Final]
	at java.security.AccessController.doPrivileged(AccessController.java:318) ~[?:?]
	at io.netty.util.internal.PlatformDependent0.<clinit>(PlatformDependent0.java:401) ~[netty-common-4.1.90.Final.jar:4.1.90.Final]
	at io.netty.util.internal.PlatformDependent.isAndroid(PlatformDependent.java:333) ~[netty-common-4.1.90.Final.jar:4.1.90.Final]
	at io.netty.util.internal.PlatformDependent.<clinit>(PlatformDependent.java:88) ~[netty-common-4.1.90.Final.jar:4.1.90.Final]
	at io.netty.util.HashedWheelTimer.<init>(HashedWheelTimer.java:114) ~[netty-common-4.1.90.Final.jar:4.1.90.Final]
	at io.netty.util.HashedWheelTimer.<init>(HashedWheelTimer.java:251) ~[netty-common-4.1.90.Final.jar:4.1.90.Final]
	at io.netty.util.HashedWheelTimer.<init>(HashedWheelTimer.java:224) ~[netty-common-4.1.90.Final.jar:4.1.90.Final]
	at io.netty.util.HashedWheelTimer.<init>(HashedWheelTimer.java:203) ~[netty-common-4.1.90.Final.jar:4.1.90.Final]
	at org.asynchttpclient.DefaultAsyncHttpClient.newNettyTimer(DefaultAsyncHttpClient.java:111) ~[async-http-client-2.12.3.jar:?]
	at org.asynchttpclient.DefaultAsyncHttpClient.<init>(DefaultAsyncHttpClient.java:90) ~[async-http-client-2.12.3.jar:?]
	at org.asynchttpclient.Dsl.asyncHttpClient(Dsl.java:32) ~[async-http-client-2.12.3.jar:?]
	at org.openqa.selenium.remote.http.netty.NettyClient.createHttpClient(NettyClient.java:94) ~[selenium-remote-driver-4.8.2.jar:?]
	at org.openqa.selenium.remote.http.netty.NettyClient.<clinit>(NettyClient.java:47) ~[selenium-remote-driver-4.8.2.jar:?]
	at org.openqa.selenium.remote.http.netty.NettyClient$Factory.createClient(NettyClient.java:135) ~[selenium-remote-driver-4.8.2.jar:?]
	at org.openqa.selenium.remote.HttpCommandExecutor.<init>(HttpCommandExecutor.java:116) ~[selenium-remote-driver-4.8.2.jar:?]
	at org.openqa.selenium.remote.HttpCommandExecutor.<init>(HttpCommandExecutor.java:94) ~[selenium-remote-driver-4.8.2.jar:?]
	at org.openqa.selenium.remote.service.DriverCommandExecutor.<init>(DriverCommandExecutor.java:88) ~[selenium-remote-driver-4.8.2.jar:?]
	at org.openqa.selenium.chromium.ChromiumDriverCommandExecutor.<init>(ChromiumDriverCommandExecutor.java:40) ~[selenium-chromium-driver-4.8.2.jar:?]
	at org.openqa.selenium.chrome.ChromeDriver$ChromeDriverCommandExecutor.<init>(ChromeDriver.java:111) ~[selenium-chrome-driver-4.8.2.jar:?]
	at org.openqa.selenium.chrome.ChromeDriver.generateExecutor(ChromeDriver.java:101) ~[selenium-chrome-driver-4.8.2.jar:?]
	at org.openqa.selenium.chrome.ChromeDriver.<init>(ChromeDriver.java:88) ~[selenium-chrome-driver-4.8.2.jar:?]
	at org.openqa.selenium.chrome.ChromeDriver.<init>(ChromeDriver.java:84) ~[selenium-chrome-driver-4.8.2.jar:?]
	at org.openqa.selenium.chrome.ChromeDriver.<init>(ChromeDriver.java:52) ~[selenium-chrome-driver-4.8.2.jar:?]
	at com.orangehrm.pageobject.BaseClass.setUp(BaseClass.java:55) ~[test-classes/:?]
	at jdk.internal.reflect.NativeMethodAccessorImpl.invoke0(Native Method) ~[?:?]
	at jdk.internal.reflect.NativeMethodAccessorImpl.invoke(NativeMethodAccessorImpl.java:77) ~[?:?]
	at jdk.internal.reflect.DelegatingMethodAccessorImpl.invoke(DelegatingMethodAccessorImpl.java:43) ~[?:?]
	at java.lang.reflect.Method.invoke(Method.java:568) ~[?:?]
	at org.testng.internal.invokers.MethodInvocationHelper.invokeMethod(MethodInvocationHelper.java:139) ~[testng-7.7.1.jar:7.7.1]
	at org.testng.internal.invokers.MethodInvocationHelper.invokeMethodConsideringTimeout(MethodInvocationHelper.java:69) ~[testng-7.7.1.jar:7.7.1]
	at org.testng.internal.invokers.ConfigInvoker.invokeConfigurationMethod(ConfigInvoker.java:361) ~[testng-7.7.1.jar:7.7.1]
	at org.testng.internal.invokers.ConfigInvoker.invokeConfigurations(ConfigInvoker.java:296) ~[testng-7.7.1.jar:7.7.1]
	at org.testng.internal.invokers.TestInvoker.runConfigMethods(TestInvoker.java:823) ~[testng-7.7.1.jar:7.7.1]
	at org.testng.internal.invokers.TestInvoker.invokeMethod(TestInvoker.java:590) ~[testng-7.7.1.jar:7.7.1]
	at org.testng.internal.invokers.TestInvoker.invokeTestMethod(TestInvoker.java:221) ~[testng-7.7.1.jar:7.7.1]
	at org.testng.internal.invokers.MethodRunner.runInSequence(MethodRunner.java:50) ~[testng-7.7.1.jar:7.7.1]
	at org.testng.internal.invokers.TestInvoker$MethodInvocationAgent.invoke(TestInvoker.java:969) ~[testng-7.7.1.jar:7.7.1]
	at org.testng.internal.invokers.TestInvoker.invokeTestMethods(TestInvoker.java:194) ~[testng-7.7.1.jar:7.7.1]
	at org.testng.internal.invokers.TestMethodWorker.invokeTestMethods(TestMethodWorker.java:148) ~[testng-7.7.1.jar:7.7.1]
	at org.testng.internal.invokers.TestMethodWorker.run(TestMethodWorker.java:128) ~[testng-7.7.1.jar:7.7.1]
	at java.util.ArrayList.forEach(ArrayList.java:1511) [?:?]
	at org.testng.TestRunner.privateRun(TestRunner.java:829) [testng-7.7.1.jar:7.7.1]
	at org.testng.TestRunner.run(TestRunner.java:602) [testng-7.7.1.jar:7.7.1]
	at org.testng.SuiteRunner.runTest(SuiteRunner.java:437) [testng-7.7.1.jar:7.7.1]
	at org.testng.SuiteRunner.runSequentially(SuiteRunner.java:431) [testng-7.7.1.jar:7.7.1]
	at org.testng.SuiteRunner.privateRun(SuiteRunner.java:391) [testng-7.7.1.jar:7.7.1]
	at org.testng.SuiteRunner.run(SuiteRunner.java:330) [testng-7.7.1.jar:7.7.1]
	at org.testng.SuiteRunnerWorker.runSuite(SuiteRunnerWorker.java:52) [testng-7.7.1.jar:7.7.1]
	at org.testng.SuiteRunnerWorker.run(SuiteRunnerWorker.java:95) [testng-7.7.1.jar:7.7.1]
	at org.testng.TestNG.runSuitesSequentially(TestNG.java:1256) [testng-7.7.1.jar:7.7.1]
	at org.testng.TestNG.runSuitesLocally(TestNG.java:1176) [testng-7.7.1.jar:7.7.1]
	at org.testng.TestNG.runSuites(TestNG.java:1099) [testng-7.7.1.jar:7.7.1]
	at org.testng.TestNG.run(TestNG.java:1067) [testng-7.7.1.jar:7.7.1]
	at org.apache.maven.surefire.testng.TestNGExecutor.run(TestNGExecutor.java:308) [surefire-testng-3.0.0.jar:3.0.0]
	at org.apache.maven.surefire.testng.TestNGXmlTestSuite.execute(TestNGXmlTestSuite.java:71) [surefire-testng-3.0.0.jar:3.0.0]
	at org.apache.maven.surefire.testng.TestNGProvider.invoke(TestNGProvider.java:113) [surefire-testng-3.0.0.jar:3.0.0]
	at org.apache.maven.surefire.booter.ForkedBooter.runSuitesInProcess(ForkedBooter.java:385) [surefire-booter-3.0.0.jar:3.0.0]
	at org.apache.maven.surefire.booter.ForkedBooter.execute(ForkedBooter.java:162) [surefire-booter-3.0.0.jar:3.0.0]
	at org.apache.maven.surefire.booter.ForkedBooter.run(ForkedBooter.java:507) [surefire-booter-3.0.0.jar:3.0.0]
	at org.apache.maven.surefire.booter.ForkedBooter.main(ForkedBooter.java:495) [surefire-booter-3.0.0.jar:3.0.0]
